[33m❯[39m Building...
[32m✔[39m Building...
[35mBrowser bundles[39m        
[1mInitial chunk files[22m    [2m | [22m[1mNames[22m                 [2m | [22m [1mRaw size[22m
[32mpolyfills.js[39m           [2m | [22m[2mpolyfills[22m             [2m | [22m [36m90.20 kB[39m[2m | [22m
[32mmain.js[39m                [2m | [22m[2mmain[22m                  [2m | [22m [36m23.00 kB[39m[2m | [22m
[32mstyles.css[39m             [2m | [22m[2mstyles[22m                [2m | [22m [36m95 bytes[39m[2m | [22m

[1m [22m                      [2m | [22m[1mInitial total[22m         [2m | [22m[1m113.29 kB[22m

[1mLazy chunk files[22m       [2m | [22m[1mNames[22m                 [2m | [22m [1mRaw size[22m
[32mchunk-TG2H2XTW.js[39m      [2m | [22m[2mcontrat-form-component[22m[2m | [22m  [36m8.27 kB[39m[2m | [22m


[35mServer bundles[39m         
[1mInitial chunk files[22m    [2m | [22m[1mNames[22m                 [2m | [22m [1mRaw size[22m
[32mpolyfills.server.mjs[39m   [2m | [22m[2mpolyfills.server[22m      [2m | [22m[36m572.91 kB[39m[2m | [22m
[32mmain.server.mjs[39m        [2m | [22m[2mmain.server[22m           [2m | [22m [36m23.46 kB[39m[2m | [22m
[32mrender-utils.server.mjs[39m[2m | [22m[2mrender-utils.server[22m   [2m | [22m[36m472 bytes[39m[2m | [22m

[1mLazy chunk files[22m       [2m | [22m[1mNames[22m                 [2m | [22m [1mRaw size[22m
[32mchunk-OYD3DHO5.mjs[39m     [2m | [22m[2mcontrat-form-component[22m[2m | [22m  [36m8.31 kB[39m[2m | [22m

Application bundle generation complete. [7.809 seconds]

Watch mode enabled. Watching for file changes...
NOTE: Raw file sizes do not reflect development server per-request transformations.
  [32m➜[39m  [1mLocal[22m:   [36mhttp://localhost:[1m4200[22m/[39m
[33m❯[39m Changes detected. Rebuilding...
[32m✔[39m Changes detected. Rebuilding...

No output file changes.

Application bundle generation complete. [1.445 seconds]

[33m❯[39m Changes detected. Rebuilding...
[32m✔[39m Changes detected. Rebuilding...

No output file changes.

Application bundle generation complete. [9.260 seconds]

Page reload sent to client(s).
[33m❯[39m Changes detected. Rebuilding...
[32m✔[39m Changes detected. Rebuilding...
Application bundle generation failed. [2.475 seconds]

[1m[31m[31mX [41;31m[[41;97mERROR[41;31m][0m [1mNG8001: 'app-contrat-form' is not a known element:
1. If 'app-contrat-form' is an Angular component, then verify that it is included in the '@Component.imports' of this component.
2. If 'app-contrat-form' is a Web Component then add 'CUSTOM_ELEMENTS_SCHEMA' to the '@Component.schemas' of this component to suppress this message.[0m [1m[35m[plugin angular-compiler][0m

    src/app/app.component.html:0:0:
[37m      0 │ [32m[37m
        ╵ [32m^[0m

  Error occurs in the template of component AppComponent.

    src/app/app.component.ts:8:15:
[37m      8 │   templateUrl: [32m'./app.component.html'[37m,
        ╵                [32m~~~~~~~~~~~~~~~~~~~~~~[0m

[39m[22m
[33m❯[39m Changes detected. Rebuilding...
[32m✔[39m Changes detected. Rebuilding...
[35mBrowser bundles[39m        
[1mInitial chunk files[22m    [2m | [22m[1mNames[22m                 [2m | [22m [1mRaw size[22m
[32mpolyfills.js[39m           [2m | [22m[2mpolyfills[22m             [2m | [22m [36m90.20 kB[39m[2m | [22m
[32mchunk-6UKSKJVW.js[39m      [2m | [22m[2m-[22m                     [2m | [22m  [36m8.27 kB[39m[2m | [22m
[32mmain.js[39m                [2m | [22m[2mmain[22m                  [2m | [22m  [36m1.82 kB[39m[2m | [22m
[32mstyles.css[39m             [2m | [22m[2mstyles[22m                [2m | [22m [36m95 bytes[39m[2m | [22m

[1m [22m                      [2m | [22m[1mInitial total[22m         [2m | [22m[1m100.39 kB[22m

[1mLazy chunk files[22m       [2m | [22m[1mNames[22m                 [2m | [22m [1mRaw size[22m
[32mchunk-WFJ2UWL3.js[39m      [2m | [22m[2mcontrat-form-component[22m[2m | [22m[36m140 bytes[39m[2m | [22m


[35mServer bundles[39m         
[1mInitial chunk files[22m    [2m | [22m[1mNames[22m                 [2m | [22m [1mRaw size[22m
[32mpolyfills.server.mjs[39m   [2m | [22m[2mpolyfills.server[22m      [2m | [22m[36m572.91 kB[39m[2m | [22m
[32mmain.server.mjs[39m        [2m | [22m[2mmain.server[22m           [2m | [22m  [36m2.19 kB[39m[2m | [22m
[32mrender-utils.server.mjs[39m[2m | [22m[2mrender-utils.server[22m   [2m | [22m[36m472 bytes[39m[2m | [22m

[1mLazy chunk files[22m       [2m | [22m[1mNames[22m                 [2m | [22m [1mRaw size[22m
[32mchunk-OYD3DHO5.mjs[39m     [2m | [22m[2mcontrat-form-component[22m[2m | [22m  [36m8.31 kB[39m[2m | [22m

Application bundle generation complete. [1.165 seconds]

Page reload sent to client(s).
[33m❯[39m Changes detected. Rebuilding...
[32m✔[39m Changes detected. Rebuilding...
[35mBrowser bundles[39m    
[1mInitial chunk files[22m[2m | [22m[1mNames[22m                 [2m | [22m [1mRaw size[22m
[32mmain.js[39m            [2m | [22m[2mmain[22m                  [2m | [22m  [36m3.91 kB[39m[2m | [22m


[35mServer bundles[39m     
[1mInitial chunk files[22m[2m | [22m[1mNames[22m                 [2m | [22m [1mRaw size[22m
[32mchunk-YAWCZNRD.mjs[39m [2m | [22m[2m-[22m                     [2m | [22m  [36m8.31 kB[39m[2m | [22m
[32mmain.server.mjs[39m    [2m | [22m[2mmain.server[22m           [2m | [22m  [36m2.29 kB[39m[2m | [22m

[1mLazy chunk files[22m   [2m | [22m[1mNames[22m                 [2m | [22m [1mRaw size[22m
[32mchunk-I35WEXL5.mjs[39m [2m | [22m[2mcontrat-form-component[22m[2m | [22m[36m175 bytes[39m[2m | [22m

Application bundle generation complete. [8.754 seconds]

Page reload sent to client(s).
[33m❯[39m Changes detected. Rebuilding...
[32m✔[39m Changes detected. Rebuilding...
[35mBrowser bundles[39m    
[1mInitial chunk files[22m[2m | [22m[1mNames[22m          [2m | [22m[1mRaw size[22m
[32mmain.js[39m            [2m | [22m[2mmain[22m           [2m | [22m [36m2.96 kB[39m[2m | [22m
[32mchunk-XW6UPKIJ.js[39m  [2m | [22m[2m-[22m              [2m | [22m [36m1.13 kB[39m[2m | [22m

[1mLazy chunk files[22m   [2m | [22m[1mNames[22m          [2m | [22m[1mRaw size[22m
[32mchunk-LA3GSRNX.js[39m  [2m | [22m[2mlogin-component[22m[2m | [22m [36m4.76 kB[39m[2m | [22m


[35mServer bundles[39m     
[1mInitial chunk files[22m[2m | [22m[1mNames[22m          [2m | [22m[1mRaw size[22m
[32mmain.server.mjs[39m    [2m | [22m[2mmain.server[22m    [2m | [22m [36m3.42 kB[39m[2m | [22m
[32mchunk-CIFPLQYE.mjs[39m [2m | [22m[2m-[22m              [2m | [22m [36m1.17 kB[39m[2m | [22m

[1mLazy chunk files[22m   [2m | [22m[1mNames[22m          [2m | [22m[1mRaw size[22m
[32mchunk-H6EVDUAA.mjs[39m [2m | [22m[2mlogin-component[22m[2m | [22m [36m4.79 kB[39m[2m | [22m

Application bundle generation complete. [2.119 seconds]

Page reload sent to client(s).
[2m00:43:03[22m [36m[1m[vite][22m[39m server restarted.
